<?xml version="1.0" encoding="UTF-8"?>
<!-- Generated by org.testng.reporters.JUnitXMLReporter -->
<testsuite ignored="18" hostname="MacBooks-MacBook-Pro-2.local" failures="6" tests="11" name="login test" time="89.093" errors="0" timestamp="2023-08-19T11:05:03 CEST">
  <testcase classname="com.avenuee.tests.LogInTest" name="logInTest" time="4.407"/>
  <testcase classname="com.avenuee.tests.CartBrandTest" name="clickBrand" time="7.45">
    <failure type="org.openqa.selenium.ElementClickInterceptedException" message="element click intercepted: Element &amp;lt;li&amp;gt;...&amp;lt;/li&amp;gt; is not clickable at point (281, 695). Other element would receive the click: &amp;lt;iframe id=&amp;quot;aswift_2&amp;quot; name=&amp;quot;aswift_2&amp;quot; style=&amp;quot;width: 1005px !important; height: 124px !important; display: block; margin: 0px auto;&amp;quot; sandbox=&amp;quot;allow-forms allow-popups allow-popups-to-escape-sandbox allow-same-origin allow-scripts allow-top-navigation-by-user-activation&amp;quot; width=&amp;quot;1005&amp;quot; height=&amp;quot;124&amp;quot; frameborder=&amp;quot;0&amp;quot; marginwidth=&amp;quot;0&amp;quot; marginheight=&amp;quot;0&amp;quot; vspace=&amp;quot;0&amp;quot; hspace=&amp;quot;0&amp;quot; allowtransparency=&amp;quot;true&amp;quot; scrolling=&amp;quot;no&amp;quot; src=&amp;quot;https://googleads.g.doubleclick.net/pagead/html/r20230816/r20110914/zrt_lookup.html?fsb=1#RS-3-&amp;amp;amp;adk=1812271801&amp;amp;amp;client=ca-pub-1677597403311019&amp;amp;amp;fa=1&amp;amp;amp;ifi=3&amp;amp;amp;uci=a!3&amp;amp;amp;btvi=1&amp;amp;amp;xpc=Ay1k6qSrqG&amp;amp;amp;p=https%3A//www.automationexercise.com&amp;quot; data-google-container-id=&amp;quot;a!3&amp;quot; data-google-query-id=&amp;quot;CKy009-u6IADFQZVGQodS54IrA&amp;quot; data-load-complete=&amp;quot;true&amp;quot;&amp;gt;&amp;lt;/iframe&amp;gt;
  (Session info: chrome=116.0.5845.96)
Build info: version: &amp;apos;4.9.1&amp;apos;, revision: &amp;apos;eb2032df7f&amp;apos;
System info: os.name: &amp;apos;Mac OS X&amp;apos;, os.arch: &amp;apos;x86_64&amp;apos;, os.version: &amp;apos;12.5.1&amp;apos;, java.version: &amp;apos;19.0.1&amp;apos;
Driver info: org.openqa.selenium.chrome.ChromeDriver
Command: [0edb30b33eb388749aac9988ce40a7ff, clickElement {id=6864FACEE9D9A103265F5C257E0A1628_element_78}]
Capabilities {acceptInsecureCerts: false, browserName: chrome, browserVersion: 116.0.5845.96, chrome: {chromedriverVersion: 116.0.5845.96 (1a3918166880..., userDataDir: /var/folders/ch/6fz8g5ss7w7...}, fedcm:accounts: true, goog:chromeOptions: {debuggerAddress: localhost:59351}, networkConnectionEnabled: false, pageLoadStrategy: normal, platformName: mac, proxy: Proxy(), se:cdp: ws://localhost:59351/devtoo..., se:cdpVersion: 116.0.5845.96, setWindowRect: true, strictFileInteractability: false, timeouts: {implicit: 0, pageLoad: 300000, script: 30000}, unhandledPromptBehavior: dismiss and notify, webauthn:extension:credBlob: true, webauthn:extension:largeBlob: true, webauthn:extension:minPinLength: true, webauthn:extension:prf: true, webauthn:virtualAuthenticators: true}
Element: [[ChromeDriver: chrome on mac (0edb30b33eb388749aac9988ce40a7ff)] -&amp;gt; xpath: //*[@class=&amp;apos;brands-name&amp;apos;]/ul/li]
Session ID: 0edb30b33eb388749aac9988ce40a7ff">
      <![CDATA[org.openqa.selenium.ElementClickInterceptedException: element click intercepted: Element <li>...</li> is not clickable at point (281, 695). Other element would receive the click: <iframe id="aswift_2" name="aswift_2" style="width: 1005px !important; height: 124px !important; display: block; margin: 0px auto;" sandbox="allow-forms allow-popups allow-popups-to-escape-sandbox allow-same-origin allow-scripts allow-top-navigation-by-user-activation" width="1005" height="124" frameborder="0" marginwidth="0" marginheight="0" vspace="0" hspace="0" allowtransparency="true" scrolling="no" src="https://googleads.g.doubleclick.net/pagead/html/r20230816/r20110914/zrt_lookup.html?fsb=1#RS-3-&amp;adk=1812271801&amp;client=ca-pub-1677597403311019&amp;fa=1&amp;ifi=3&amp;uci=a!3&amp;btvi=1&amp;xpc=Ay1k6qSrqG&amp;p=https%3A//www.automationexercise.com" data-google-container-id="a!3" data-google-query-id="CKy009-u6IADFQZVGQodS54IrA" data-load-complete="true"></iframe>
  (Session info: chrome=116.0.5845.96)
Build info: version: '4.9.1', revision: 'eb2032df7f'
System info: os.name: 'Mac OS X', os.arch: 'x86_64', os.version: '12.5.1', java.version: '19.0.1'
Driver info: org.openqa.selenium.chrome.ChromeDriver
Command: [0edb30b33eb388749aac9988ce40a7ff, clickElement {id=6864FACEE9D9A103265F5C257E0A1628_element_78}]
Capabilities {acceptInsecureCerts: false, browserName: chrome, browserVersion: 116.0.5845.96, chrome: {chromedriverVersion: 116.0.5845.96 (1a3918166880..., userDataDir: /var/folders/ch/6fz8g5ss7w7...}, fedcm:accounts: true, goog:chromeOptions: {debuggerAddress: localhost:59351}, networkConnectionEnabled: false, pageLoadStrategy: normal, platformName: mac, proxy: Proxy(), se:cdp: ws://localhost:59351/devtoo..., se:cdpVersion: 116.0.5845.96, setWindowRect: true, strictFileInteractability: false, timeouts: {implicit: 0, pageLoad: 300000, script: 30000}, unhandledPromptBehavior: dismiss and notify, webauthn:extension:credBlob: true, webauthn:extension:largeBlob: true, webauthn:extension:minPinLength: true, webauthn:extension:prf: true, webauthn:virtualAuthenticators: true}
Element: [[ChromeDriver: chrome on mac (0edb30b33eb388749aac9988ce40a7ff)] -> xpath: //*[@class='brands-name']/ul/li]
Session ID: 0edb30b33eb388749aac9988ce40a7ff
at org.openqa.selenium.remote.codec.w3c.W3CHttpResponseCodec.createException(W3CHttpResponseCodec.java:200)
at org.openqa.selenium.remote.codec.w3c.W3CHttpResponseCodec.decode(W3CHttpResponseCodec.java:133)
at org.openqa.selenium.remote.codec.w3c.W3CHttpResponseCodec.decode(W3CHttpResponseCodec.java:53)
at org.openqa.selenium.remote.HttpCommandExecutor.execute(HttpCommandExecutor.java:193)
at org.openqa.selenium.remote.service.DriverCommandExecutor.invokeExecute(DriverCommandExecutor.java:183)
at org.openqa.selenium.remote.service.DriverCommandExecutor.execute(DriverCommandExecutor.java:158)
at org.openqa.selenium.remote.RemoteWebDriver.execute(RemoteWebDriver.java:543)
at org.openqa.selenium.remote.RemoteWebElement.execute(RemoteWebElement.java:257)
at org.openqa.selenium.remote.RemoteWebElement.click(RemoteWebElement.java:78)
at com.avenuee.pages.CartBrandPage.clickOnBrand(CartBrandPage.java:40)
at com.avenuee.tests.CartBrandTest.clickBrand(CartBrandTest.java:34)
at java.base/java.util.ArrayList.forEach(ArrayList.java:1511)
... Removed 32 stack frames]]>
    </failure>
  </testcase> <!-- clickBrand -->
  <testcase classname="com.avenuee.tests.ContactUsTest" name="contactUsTest" time="6.717">
    <failure type="org.openqa.selenium.ElementClickInterceptedException" message="element click intercepted: Element &amp;lt;input type=&amp;quot;submit&amp;quot; data-qa=&amp;quot;submit-button&amp;quot; name=&amp;quot;submit&amp;quot; class=&amp;quot;btn btn-primary pull-left submit_form&amp;quot; value=&amp;quot;Submit&amp;quot;&amp;gt; is not clickable at point (198, 653). Other element would receive the click: &amp;lt;div id=&amp;quot;aswift_2_host&amp;quot; tabindex=&amp;quot;0&amp;quot; title=&amp;quot;Advertisement&amp;quot; aria-label=&amp;quot;Advertisement&amp;quot; style=&amp;quot;border: none !important; height: 124px !important; width: 100% !important; margin: 0px !important; padding: 0px !important; position: relative !important; visibility: visible !important; background-color: transparent !important; display: inline-block !important; inset: auto !important; clear: none !important; float: none !important; max-height: none !important; max-width: none !important; opacity: 1 !important; overflow: visible !important; vertical-align: baseline !important; z-index: auto !important;&amp;quot;&amp;gt;...&amp;lt;/div&amp;gt;
  (Session info: chrome=116.0.5845.96)
Build info: version: &amp;apos;4.9.1&amp;apos;, revision: &amp;apos;eb2032df7f&amp;apos;
System info: os.name: &amp;apos;Mac OS X&amp;apos;, os.arch: &amp;apos;x86_64&amp;apos;, os.version: &amp;apos;12.5.1&amp;apos;, java.version: &amp;apos;19.0.1&amp;apos;
Driver info: org.openqa.selenium.chrome.ChromeDriver
Command: [0edb30b33eb388749aac9988ce40a7ff, clickElement {id=D84085DC3EB6A0FB0DE68C76B07DE849_element_110}]
Capabilities {acceptInsecureCerts: false, browserName: chrome, browserVersion: 116.0.5845.96, chrome: {chromedriverVersion: 116.0.5845.96 (1a3918166880..., userDataDir: /var/folders/ch/6fz8g5ss7w7...}, fedcm:accounts: true, goog:chromeOptions: {debuggerAddress: localhost:59351}, networkConnectionEnabled: false, pageLoadStrategy: normal, platformName: mac, proxy: Proxy(), se:cdp: ws://localhost:59351/devtoo..., se:cdpVersion: 116.0.5845.96, setWindowRect: true, strictFileInteractability: false, timeouts: {implicit: 0, pageLoad: 300000, script: 30000}, unhandledPromptBehavior: dismiss and notify, webauthn:extension:credBlob: true, webauthn:extension:largeBlob: true, webauthn:extension:minPinLength: true, webauthn:extension:prf: true, webauthn:virtualAuthenticators: true}
Element: [[ChromeDriver: chrome on mac (0edb30b33eb388749aac9988ce40a7ff)] -&amp;gt; xpath: //input[@type=&amp;apos;submit&amp;apos; and @data-qa=&amp;apos;submit-button&amp;apos;]]
Session ID: 0edb30b33eb388749aac9988ce40a7ff">
      <![CDATA[org.openqa.selenium.ElementClickInterceptedException: element click intercepted: Element <input type="submit" data-qa="submit-button" name="submit" class="btn btn-primary pull-left submit_form" value="Submit"> is not clickable at point (198, 653). Other element would receive the click: <div id="aswift_2_host" tabindex="0" title="Advertisement" aria-label="Advertisement" style="border: none !important; height: 124px !important; width: 100% !important; margin: 0px !important; padding: 0px !important; position: relative !important; visibility: visible !important; background-color: transparent !important; display: inline-block !important; inset: auto !important; clear: none !important; float: none !important; max-height: none !important; max-width: none !important; opacity: 1 !important; overflow: visible !important; vertical-align: baseline !important; z-index: auto !important;">...</div>
  (Session info: chrome=116.0.5845.96)
Build info: version: '4.9.1', revision: 'eb2032df7f'
System info: os.name: 'Mac OS X', os.arch: 'x86_64', os.version: '12.5.1', java.version: '19.0.1'
Driver info: org.openqa.selenium.chrome.ChromeDriver
Command: [0edb30b33eb388749aac9988ce40a7ff, clickElement {id=D84085DC3EB6A0FB0DE68C76B07DE849_element_110}]
Capabilities {acceptInsecureCerts: false, browserName: chrome, browserVersion: 116.0.5845.96, chrome: {chromedriverVersion: 116.0.5845.96 (1a3918166880..., userDataDir: /var/folders/ch/6fz8g5ss7w7...}, fedcm:accounts: true, goog:chromeOptions: {debuggerAddress: localhost:59351}, networkConnectionEnabled: false, pageLoadStrategy: normal, platformName: mac, proxy: Proxy(), se:cdp: ws://localhost:59351/devtoo..., se:cdpVersion: 116.0.5845.96, setWindowRect: true, strictFileInteractability: false, timeouts: {implicit: 0, pageLoad: 300000, script: 30000}, unhandledPromptBehavior: dismiss and notify, webauthn:extension:credBlob: true, webauthn:extension:largeBlob: true, webauthn:extension:minPinLength: true, webauthn:extension:prf: true, webauthn:virtualAuthenticators: true}
Element: [[ChromeDriver: chrome on mac (0edb30b33eb388749aac9988ce40a7ff)] -> xpath: //input[@type='submit' and @data-qa='submit-button']]
Session ID: 0edb30b33eb388749aac9988ce40a7ff
at org.openqa.selenium.remote.codec.w3c.W3CHttpResponseCodec.createException(W3CHttpResponseCodec.java:200)
at org.openqa.selenium.remote.codec.w3c.W3CHttpResponseCodec.decode(W3CHttpResponseCodec.java:133)
at org.openqa.selenium.remote.codec.w3c.W3CHttpResponseCodec.decode(W3CHttpResponseCodec.java:53)
at org.openqa.selenium.remote.HttpCommandExecutor.execute(HttpCommandExecutor.java:193)
at org.openqa.selenium.remote.service.DriverCommandExecutor.invokeExecute(DriverCommandExecutor.java:183)
at org.openqa.selenium.remote.service.DriverCommandExecutor.execute(DriverCommandExecutor.java:158)
at org.openqa.selenium.remote.RemoteWebDriver.execute(RemoteWebDriver.java:543)
at org.openqa.selenium.remote.RemoteWebElement.execute(RemoteWebElement.java:257)
at org.openqa.selenium.remote.RemoteWebElement.click(RemoteWebElement.java:78)
at org.openqa.selenium.support.pagefactory.internal.LocatingElementHandler.invoke(LocatingElementHandler.java:52)
at jdk.proxy2/jdk.proxy2.$Proxy14.click(Unknown Source)
at com.avenuee.pages.ContactUsPage.clickOnSubmitBtn(ContactUsPage.java:61)
at com.avenuee.pages.ContactUsPage.contactUs(ContactUsPage.java:53)
at com.avenuee.tests.ContactUsTest.contactUsTest(ContactUsTest.java:33)
at java.base/java.util.ArrayList.forEach(ArrayList.java:1511)
... Removed 34 stack frames]]>
    </failure>
  </testcase> <!-- contactUsTest -->
  <testcase classname="com.avenuee.tests.RegisterCheckoutTest" name="registerCheckoutTest" time="1.84">
    <failure type="org.openqa.selenium.ElementClickInterceptedException" message="element click intercepted: Element &amp;lt;a data-product-id=&amp;quot;1&amp;quot; class=&amp;quot;btn btn-default add-to-cart&amp;quot;&amp;gt;...&amp;lt;/a&amp;gt; is not clickable at point (586, 625). Other element would receive the click: &amp;lt;iframe id=&amp;quot;aswift_6&amp;quot; name=&amp;quot;aswift_6&amp;quot; style=&amp;quot;width: 1005px !important; height: 124px !important; display: block; margin: 0px auto;&amp;quot; sandbox=&amp;quot;allow-forms allow-popups allow-popups-to-escape-sandbox allow-same-origin allow-scripts allow-top-navigation-by-user-activation&amp;quot; width=&amp;quot;1005&amp;quot; height=&amp;quot;124&amp;quot; frameborder=&amp;quot;0&amp;quot; marginwidth=&amp;quot;0&amp;quot; marginheight=&amp;quot;0&amp;quot; vspace=&amp;quot;0&amp;quot; hspace=&amp;quot;0&amp;quot; allowtransparency=&amp;quot;true&amp;quot; scrolling=&amp;quot;no&amp;quot; src=&amp;quot;https://googleads.g.doubleclick.net/pagead/html/r20230816/r20110914/zrt_lookup.html?fsb=1#RS-3-&amp;amp;amp;adk=1812271801&amp;amp;amp;client=ca-pub-1677597403311019&amp;amp;amp;fa=1&amp;amp;amp;ifi=7&amp;amp;amp;uci=a!7&amp;amp;amp;btvi=3&amp;amp;amp;xpc=jl6kNRHBUp&amp;amp;amp;p=https%3A//www.automationexercise.com&amp;quot; data-google-container-id=&amp;quot;a!7&amp;quot; data-google-query-id=&amp;quot;CKWOlOmu6IADFcOKgwcddi4DLQ&amp;quot; data-load-complete=&amp;quot;true&amp;quot;&amp;gt;&amp;lt;/iframe&amp;gt;
  (Session info: chrome=116.0.5845.96)
Build info: version: &amp;apos;4.9.1&amp;apos;, revision: &amp;apos;eb2032df7f&amp;apos;
System info: os.name: &amp;apos;Mac OS X&amp;apos;, os.arch: &amp;apos;x86_64&amp;apos;, os.version: &amp;apos;12.5.1&amp;apos;, java.version: &amp;apos;19.0.1&amp;apos;
Driver info: org.openqa.selenium.chrome.ChromeDriver
Command: [0edb30b33eb388749aac9988ce40a7ff, clickElement {id=7E86A9546FCAA9D9EFD1775E92FA1A19_element_133}]
Capabilities {acceptInsecureCerts: false, browserName: chrome, browserVersion: 116.0.5845.96, chrome: {chromedriverVersion: 116.0.5845.96 (1a3918166880..., userDataDir: /var/folders/ch/6fz8g5ss7w7...}, fedcm:accounts: true, goog:chromeOptions: {debuggerAddress: localhost:59351}, networkConnectionEnabled: false, pageLoadStrategy: normal, platformName: mac, proxy: Proxy(), se:cdp: ws://localhost:59351/devtoo..., se:cdpVersion: 116.0.5845.96, setWindowRect: true, strictFileInteractability: false, timeouts: {implicit: 0, pageLoad: 300000, script: 30000}, unhandledPromptBehavior: dismiss and notify, webauthn:extension:credBlob: true, webauthn:extension:largeBlob: true, webauthn:extension:minPinLength: true, webauthn:extension:prf: true, webauthn:virtualAuthenticators: true}
Element: [[ChromeDriver: chrome on mac (0edb30b33eb388749aac9988ce40a7ff)] -&amp;gt; xpath: (//a[@data-product-id=&amp;apos;1&amp;apos; and contains(@class, &amp;apos;btn btn-default add-to-cart&amp;apos;)])[2]]
Session ID: 0edb30b33eb388749aac9988ce40a7ff">
      <![CDATA[org.openqa.selenium.ElementClickInterceptedException: element click intercepted: Element <a data-product-id="1" class="btn btn-default add-to-cart">...</a> is not clickable at point (586, 625). Other element would receive the click: <iframe id="aswift_6" name="aswift_6" style="width: 1005px !important; height: 124px !important; display: block; margin: 0px auto;" sandbox="allow-forms allow-popups allow-popups-to-escape-sandbox allow-same-origin allow-scripts allow-top-navigation-by-user-activation" width="1005" height="124" frameborder="0" marginwidth="0" marginheight="0" vspace="0" hspace="0" allowtransparency="true" scrolling="no" src="https://googleads.g.doubleclick.net/pagead/html/r20230816/r20110914/zrt_lookup.html?fsb=1#RS-3-&amp;adk=1812271801&amp;client=ca-pub-1677597403311019&amp;fa=1&amp;ifi=7&amp;uci=a!7&amp;btvi=3&amp;xpc=jl6kNRHBUp&amp;p=https%3A//www.automationexercise.com" data-google-container-id="a!7" data-google-query-id="CKWOlOmu6IADFcOKgwcddi4DLQ" data-load-complete="true"></iframe>
  (Session info: chrome=116.0.5845.96)
Build info: version: '4.9.1', revision: 'eb2032df7f'
System info: os.name: 'Mac OS X', os.arch: 'x86_64', os.version: '12.5.1', java.version: '19.0.1'
Driver info: org.openqa.selenium.chrome.ChromeDriver
Command: [0edb30b33eb388749aac9988ce40a7ff, clickElement {id=7E86A9546FCAA9D9EFD1775E92FA1A19_element_133}]
Capabilities {acceptInsecureCerts: false, browserName: chrome, browserVersion: 116.0.5845.96, chrome: {chromedriverVersion: 116.0.5845.96 (1a3918166880..., userDataDir: /var/folders/ch/6fz8g5ss7w7...}, fedcm:accounts: true, goog:chromeOptions: {debuggerAddress: localhost:59351}, networkConnectionEnabled: false, pageLoadStrategy: normal, platformName: mac, proxy: Proxy(), se:cdp: ws://localhost:59351/devtoo..., se:cdpVersion: 116.0.5845.96, setWindowRect: true, strictFileInteractability: false, timeouts: {implicit: 0, pageLoad: 300000, script: 30000}, unhandledPromptBehavior: dismiss and notify, webauthn:extension:credBlob: true, webauthn:extension:largeBlob: true, webauthn:extension:minPinLength: true, webauthn:extension:prf: true, webauthn:virtualAuthenticators: true}
Element: [[ChromeDriver: chrome on mac (0edb30b33eb388749aac9988ce40a7ff)] -> xpath: (//a[@data-product-id='1' and contains(@class, 'btn btn-default add-to-cart')])[2]]
Session ID: 0edb30b33eb388749aac9988ce40a7ff
at org.openqa.selenium.remote.codec.w3c.W3CHttpResponseCodec.createException(W3CHttpResponseCodec.java:200)
at org.openqa.selenium.remote.codec.w3c.W3CHttpResponseCodec.decode(W3CHttpResponseCodec.java:133)
at org.openqa.selenium.remote.codec.w3c.W3CHttpResponseCodec.decode(W3CHttpResponseCodec.java:53)
at org.openqa.selenium.remote.HttpCommandExecutor.execute(HttpCommandExecutor.java:193)
at org.openqa.selenium.remote.service.DriverCommandExecutor.invokeExecute(DriverCommandExecutor.java:183)
at org.openqa.selenium.remote.service.DriverCommandExecutor.execute(DriverCommandExecutor.java:158)
at org.openqa.selenium.remote.RemoteWebDriver.execute(RemoteWebDriver.java:543)
at org.openqa.selenium.remote.RemoteWebElement.execute(RemoteWebElement.java:257)
at org.openqa.selenium.remote.RemoteWebElement.click(RemoteWebElement.java:78)
at org.openqa.selenium.support.pagefactory.internal.LocatingElementHandler.invoke(LocatingElementHandler.java:52)
at jdk.proxy2/jdk.proxy2.$Proxy14.click(Unknown Source)
at com.avenuee.pages.SearchProductPage.registerWhileCheckout(SearchProductPage.java:191)
at com.avenuee.tests.RegisterCheckoutTest.registerCheckoutTest(RegisterCheckoutTest.java:31)
at java.base/java.util.ArrayList.forEach(ArrayList.java:1511)
... Removed 34 stack frames]]>
    </failure>
  </testcase> <!-- registerCheckoutTest -->
  <testcase classname="com.avenuee.tests.RegisterUserTest" name="CreateAccount" time="0.028">
    <failure type="java.lang.AssertionError" message="expected [Automation Exercise] but found [Automation Exercise - Signup / Login]">
      <![CDATA[java.lang.AssertionError: expected [Automation Exercise] but found [Automation Exercise - Signup / Login]
at com.avenuee.utilities.BrowserUtils.pageVerification(BrowserUtils.java:14)
at com.avenuee.tests.RegisterUserTest.CreateAccount(RegisterUserTest.java:37)
at java.base/java.util.ArrayList.forEach(ArrayList.java:1511)
... Removed 35 stack frames]]>
    </failure>
  </testcase> <!-- CreateAccount -->
  <testcase classname="com.avenuee.tests.RegisterUserTest" name="CreateAccountTest" time="0.007">
    <failure type="java.lang.AssertionError" message="expected [Automation Exercise] but found [Automation Exercise - Signup / Login]">
      <![CDATA[java.lang.AssertionError: expected [Automation Exercise] but found [Automation Exercise - Signup / Login]
at com.avenuee.utilities.BrowserUtils.pageVerification(BrowserUtils.java:14)
at com.avenuee.tests.RegisterUserTest.CreateAccountTest(RegisterUserTest.java:26)
at java.base/java.util.ArrayList.forEach(ArrayList.java:1511)
... Removed 35 stack frames]]>
    </failure>
  </testcase> <!-- CreateAccountTest -->
  <testcase classname="com.avenuee.tests.RemoveProductFromCartTest" name="removeProductFromCart" time="7.827"/>
  <testcase classname="com.avenuee.tests.SearchProductTest" name="searchProduct" time="1.336"/>
  <testcase classname="com.avenuee.tests.VerifyProductQuantityTest" name="verifyQuantity" time="21.02">
    <failure type="org.openqa.selenium.TimeoutException" message="Expected condition failed: waiting for visibility of [[ChromeDriver: chrome on mac (0edb30b33eb388749aac9988ce40a7ff)] -&amp;gt; xpath: //button[@class=&amp;apos;btn btn-success close-modal btn-block&amp;apos;]] (tried for 20 second(s) with 500 milliseconds interval)
Build info: version: &amp;apos;4.9.1&amp;apos;, revision: &amp;apos;eb2032df7f&amp;apos;
System info: os.name: &amp;apos;Mac OS X&amp;apos;, os.arch: &amp;apos;x86_64&amp;apos;, os.version: &amp;apos;12.5.1&amp;apos;, java.version: &amp;apos;19.0.1&amp;apos;
Driver info: org.openqa.selenium.chrome.ChromeDriver
Capabilities {acceptInsecureCerts: false, browserName: chrome, browserVersion: 116.0.5845.96, chrome: {chromedriverVersion: 116.0.5845.96 (1a3918166880..., userDataDir: /var/folders/ch/6fz8g5ss7w7...}, fedcm:accounts: true, goog:chromeOptions: {debuggerAddress: localhost:59351}, networkConnectionEnabled: false, pageLoadStrategy: normal, platformName: mac, proxy: Proxy(), se:cdp: ws://localhost:59351/devtoo..., se:cdpVersion: 116.0.5845.96, setWindowRect: true, strictFileInteractability: false, timeouts: {implicit: 0, pageLoad: 300000, script: 30000}, unhandledPromptBehavior: dismiss and notify, webauthn:extension:credBlob: true, webauthn:extension:largeBlob: true, webauthn:extension:minPinLength: true, webauthn:extension:prf: true, webauthn:virtualAuthenticators: true}
Session ID: 0edb30b33eb388749aac9988ce40a7ff">
      <![CDATA[org.openqa.selenium.TimeoutException: Expected condition failed: waiting for visibility of [[ChromeDriver: chrome on mac (0edb30b33eb388749aac9988ce40a7ff)] -> xpath: //button[@class='btn btn-success close-modal btn-block']] (tried for 20 second(s) with 500 milliseconds interval)
Build info: version: '4.9.1', revision: 'eb2032df7f'
System info: os.name: 'Mac OS X', os.arch: 'x86_64', os.version: '12.5.1', java.version: '19.0.1'
Driver info: org.openqa.selenium.chrome.ChromeDriver
Capabilities {acceptInsecureCerts: false, browserName: chrome, browserVersion: 116.0.5845.96, chrome: {chromedriverVersion: 116.0.5845.96 (1a3918166880..., userDataDir: /var/folders/ch/6fz8g5ss7w7...}, fedcm:accounts: true, goog:chromeOptions: {debuggerAddress: localhost:59351}, networkConnectionEnabled: false, pageLoadStrategy: normal, platformName: mac, proxy: Proxy(), se:cdp: ws://localhost:59351/devtoo..., se:cdpVersion: 116.0.5845.96, setWindowRect: true, strictFileInteractability: false, timeouts: {implicit: 0, pageLoad: 300000, script: 30000}, unhandledPromptBehavior: dismiss and notify, webauthn:extension:credBlob: true, webauthn:extension:largeBlob: true, webauthn:extension:minPinLength: true, webauthn:extension:prf: true, webauthn:virtualAuthenticators: true}
Session ID: 0edb30b33eb388749aac9988ce40a7ff
at org.openqa.selenium.support.ui.WebDriverWait.timeoutException(WebDriverWait.java:87)
at org.openqa.selenium.support.ui.FluentWait.until(FluentWait.java:231)
at com.avenuee.utilities.WaitUtils.waitForElementToBeVisible(WaitUtils.java:17)
at com.avenuee.pages.SearchProductPage.clickOnAddCart(SearchProductPage.java:161)
at com.avenuee.tests.VerifyProductQuantityTest.verifyQuantity(VerifyProductQuantityTest.java:32)
at java.base/java.util.ArrayList.forEach(ArrayList.java:1511)
... Removed 29 stack frames]]>
    </failure>
  </testcase> <!-- verifyQuantity -->
  <testcase classname="com.avenuee.tests.VerifySubscriptionTest" name="VerifySubscription" time="0.706"/>
  <testcase classname="com.avenuee.tests.VerifyTestCasesTest" name="VerifyTestCase" time="0.405"/>
  <testcase classname="com.avenuee.utilities.BaseClass" name="@BeforeSuite setUp" time="0.0">
    <ignored/>
  </testcase> <!-- @BeforeSuite setUp -->
  <testcase classname="com.avenuee.utilities.BaseClass" name="@BeforeSuite setUp" time="0.0">
    <ignored/>
  </testcase> <!-- @BeforeSuite setUp -->
  <testcase classname="com.avenuee.utilities.BaseClass" name="@AfterSuite tearDown" time="0.0">
    <ignored/>
  </testcase> <!-- @AfterSuite tearDown -->
  <testcase classname="com.avenuee.utilities.BaseClass" name="@BeforeSuite setUp" time="0.0">
    <ignored/>
  </testcase> <!-- @BeforeSuite setUp -->
  <testcase classname="com.avenuee.utilities.BaseClass" name="@AfterSuite tearDown" time="0.0">
    <ignored/>
  </testcase> <!-- @AfterSuite tearDown -->
  <testcase classname="com.avenuee.utilities.BaseClass" name="@AfterSuite tearDown" time="0.0">
    <ignored/>
  </testcase> <!-- @AfterSuite tearDown -->
  <testcase classname="com.avenuee.utilities.BaseClass" name="@AfterSuite tearDown" time="0.0">
    <ignored/>
  </testcase> <!-- @AfterSuite tearDown -->
  <testcase classname="com.avenuee.utilities.BaseClass" name="@BeforeSuite setUp" time="0.0">
    <ignored/>
  </testcase> <!-- @BeforeSuite setUp -->
  <testcase classname="com.avenuee.utilities.BaseClass" name="@AfterSuite tearDown" time="0.0">
    <ignored/>
  </testcase> <!-- @AfterSuite tearDown -->
  <testcase classname="com.avenuee.utilities.BaseClass" name="@AfterSuite tearDown" time="0.0">
    <ignored/>
  </testcase> <!-- @AfterSuite tearDown -->
  <testcase classname="com.avenuee.utilities.BaseClass" name="@AfterSuite tearDown" time="0.0">
    <ignored/>
  </testcase> <!-- @AfterSuite tearDown -->
  <testcase classname="com.avenuee.utilities.BaseClass" name="@BeforeSuite setUp" time="0.0">
    <ignored/>
  </testcase> <!-- @BeforeSuite setUp -->
  <testcase classname="com.avenuee.utilities.BaseClass" name="@BeforeSuite setUp" time="0.0">
    <ignored/>
  </testcase> <!-- @BeforeSuite setUp -->
  <testcase classname="com.avenuee.utilities.BaseClass" name="@AfterSuite tearDown" time="0.0">
    <ignored/>
  </testcase> <!-- @AfterSuite tearDown -->
  <testcase classname="com.avenuee.utilities.BaseClass" name="@BeforeSuite setUp" time="0.0">
    <ignored/>
  </testcase> <!-- @BeforeSuite setUp -->
  <testcase classname="com.avenuee.utilities.BaseClass" name="@AfterSuite tearDown" time="0.0">
    <ignored/>
  </testcase> <!-- @AfterSuite tearDown -->
  <testcase classname="com.avenuee.utilities.BaseClass" name="@BeforeSuite setUp" time="0.0">
    <ignored/>
  </testcase> <!-- @BeforeSuite setUp -->
  <testcase classname="com.avenuee.utilities.BaseClass" name="@BeforeSuite setUp" time="0.0">
    <ignored/>
  </testcase> <!-- @BeforeSuite setUp -->
</testsuite> <!-- login test -->
