<!DOCTYPE html PUBLIC "-//W3C//DTD XHTML 1.1//EN" "https://www.w3.org/TR/xhtml11/DTD/xhtml11.dtd">
<html xmlns="https://www.w3.org/1999/xhtml">
<head>
<meta http-equiv="content-type" content="text/html; charset=UTF-8"/>
<title>TestNG Report</title>
<style type="text/css">table {margin-bottom:10px;border-collapse:collapse;empty-cells:show}th,td {border:1px solid #009;padding:.25em .5em}th {vertical-align:bottom}td {vertical-align:top}table a {font-weight:bold}.stripe td {background-color: #E6EBF9}.num {text-align:right}.passedodd td {background-color: #3F3}.passedeven td {background-color: #0A0}.skippedodd td {background-color: #DDD}.skippedeven td {background-color: #CCC}.failedodd td,.attn {background-color: #F33}.failedeven td,.stripe .attn {background-color: #D00}.stacktrace {white-space:pre;font-family:monospace}.totop {font-size:85%;text-align:center;border-bottom:2px solid #000}.invisible {display:none}</style>
</head>
<body>
<table>
<tr><th>Test</th><th># Passed</th><th># Skipped</th><th># Retried</th><th># Failed</th><th>Time (ms)</th><th>Included Groups</th><th>Excluded Groups</th></tr>
<tr><th colspan="8">Regression</th></tr>
<tr><td><a href="#t0">login test</a></td><td class="num">5</td><td class="num">0</td><td class="num">0</td><td class="num attn">6</td><td class="num">89,093</td><td></td><td></td></tr>
</table>
<table id='summary'><thead><tr><th>Class</th><th>Method</th><th>Start</th><th>Time (ms)</th></tr></thead><tbody><tr><th colspan="4">Regression</th></tr></tbody><tbody id="t0"><tr><th colspan="4">login test &#8212; failed</th></tr><tr class="failedeven"><td rowspan="1">com.avenuee.tests.CartBrandTest</td><td><a href="#m0">clickBrand</a></td><td rowspan="1">1692435823561</td><td rowspan="1">7450</td></tr><tr class="failedodd"><td rowspan="1">com.avenuee.tests.ContactUsTest</td><td><a href="#m1">contactUsTest</a></td><td rowspan="1">1692435833795</td><td rowspan="1">6717</td></tr><tr class="failedeven"><td rowspan="1">com.avenuee.tests.RegisterCheckoutTest</td><td><a href="#m2">registerCheckoutTest</a></td><td rowspan="1">1692435844920</td><td rowspan="1">1840</td></tr><tr class="failedodd"><td rowspan="2">com.avenuee.tests.RegisterUserTest</td><td><a href="#m3">CreateAccount</a></td><td rowspan="1">1692435850573</td><td rowspan="1">28</td></tr><tr class="failedodd"><td><a href="#m4">CreateAccountTest</a></td><td rowspan="1">1692435853671</td><td rowspan="1">7</td></tr><tr class="failedeven"><td rowspan="1">com.avenuee.tests.VerifyProductQuantityTest</td><td><a href="#m5">verifyQuantity</a></td><td rowspan="1">1692435875884</td><td rowspan="1">21020</td></tr><tr><th colspan="4">login test &#8212; passed</th></tr><tr class="passedeven"><td rowspan="1">com.avenuee.tests.LogInTest</td><td><a href="#m6">logInTest</a></td><td rowspan="1">1692435816685</td><td rowspan="1">4407</td></tr><tr class="passedodd"><td rowspan="1">com.avenuee.tests.RemoveProductFromCartTest</td><td><a href="#m7">removeProductFromCart</a></td><td rowspan="1">1692435860125</td><td rowspan="1">7827</td></tr><tr class="passedeven"><td rowspan="1">com.avenuee.tests.SearchProductTest</td><td><a href="#m8">searchProduct</a></td><td rowspan="1">1692435871396</td><td rowspan="1">1336</td></tr><tr class="passedodd"><td rowspan="1">com.avenuee.tests.VerifySubscriptionTest</td><td><a href="#m9">VerifySubscription</a></td><td rowspan="1">1692435900761</td><td rowspan="1">706</td></tr><tr class="passedeven"><td rowspan="1">com.avenuee.tests.VerifyTestCasesTest</td><td><a href="#m10">VerifyTestCase</a></td><td rowspan="1">1692435902993</td><td rowspan="1">405</td></tr></tbody>
</table>
<h2>login test</h2><h3 id="m0">com.avenuee.tests.CartBrandTest#clickBrand</h3><table class="result"><tr><th>Exception</th></tr><tr><td><div class="stacktrace">org.openqa.selenium.ElementClickInterceptedException: element click intercepted: Element &lt;li&gt;...&lt;/li&gt; is not clickable at point (281, 695). Other element would receive the click: &lt;iframe id=&quot;aswift_2&quot; name=&quot;aswift_2&quot; style=&quot;width: 1005px !important; height: 124px !important; display: block; margin: 0px auto;&quot; sandbox=&quot;allow-forms allow-popups allow-popups-to-escape-sandbox allow-same-origin allow-scripts allow-top-navigation-by-user-activation&quot; width=&quot;1005&quot; height=&quot;124&quot; frameborder=&quot;0&quot; marginwidth=&quot;0&quot; marginheight=&quot;0&quot; vspace=&quot;0&quot; hspace=&quot;0&quot; allowtransparency=&quot;true&quot; scrolling=&quot;no&quot; src=&quot;https://googleads.g.doubleclick.net/pagead/html/r20230816/r20110914/zrt_lookup.html?fsb=1#RS-3-&amp;amp;adk=1812271801&amp;amp;client=ca-pub-1677597403311019&amp;amp;fa=1&amp;amp;ifi=3&amp;amp;uci=a!3&amp;amp;btvi=1&amp;amp;xpc=Ay1k6qSrqG&amp;amp;p=https%3A//www.automationexercise.com&quot; data-google-container-id=&quot;a!3&quot; data-google-query-id=&quot;CKy009-u6IADFQZVGQodS54IrA&quot; data-load-complete=&quot;true&quot;&gt;&lt;/iframe&gt;
  (Session info: chrome=116.0.5845.96)
Build info: version: &apos;4.9.1&apos;, revision: &apos;eb2032df7f&apos;
System info: os.name: &apos;Mac OS X&apos;, os.arch: &apos;x86_64&apos;, os.version: &apos;12.5.1&apos;, java.version: &apos;19.0.1&apos;
Driver info: org.openqa.selenium.chrome.ChromeDriver
Command: [0edb30b33eb388749aac9988ce40a7ff, clickElement {id=6864FACEE9D9A103265F5C257E0A1628_element_78}]
Capabilities {acceptInsecureCerts: false, browserName: chrome, browserVersion: 116.0.5845.96, chrome: {chromedriverVersion: 116.0.5845.96 (1a3918166880..., userDataDir: /var/folders/ch/6fz8g5ss7w7...}, fedcm:accounts: true, goog:chromeOptions: {debuggerAddress: localhost:59351}, networkConnectionEnabled: false, pageLoadStrategy: normal, platformName: mac, proxy: Proxy(), se:cdp: ws://localhost:59351/devtoo..., se:cdpVersion: 116.0.5845.96, setWindowRect: true, strictFileInteractability: false, timeouts: {implicit: 0, pageLoad: 300000, script: 30000}, unhandledPromptBehavior: dismiss and notify, webauthn:extension:credBlob: true, webauthn:extension:largeBlob: true, webauthn:extension:minPinLength: true, webauthn:extension:prf: true, webauthn:virtualAuthenticators: true}
Element: [[ChromeDriver: chrome on mac (0edb30b33eb388749aac9988ce40a7ff)] -&gt; xpath: //*[@class=&apos;brands-name&apos;]/ul/li]
Session ID: 0edb30b33eb388749aac9988ce40a7ff
	at org.openqa.selenium.remote.codec.w3c.W3CHttpResponseCodec.createException(W3CHttpResponseCodec.java:200)
	at org.openqa.selenium.remote.codec.w3c.W3CHttpResponseCodec.decode(W3CHttpResponseCodec.java:133)
	at org.openqa.selenium.remote.codec.w3c.W3CHttpResponseCodec.decode(W3CHttpResponseCodec.java:53)
	at org.openqa.selenium.remote.HttpCommandExecutor.execute(HttpCommandExecutor.java:193)
	at org.openqa.selenium.remote.service.DriverCommandExecutor.invokeExecute(DriverCommandExecutor.java:183)
	at org.openqa.selenium.remote.service.DriverCommandExecutor.execute(DriverCommandExecutor.java:158)
	at org.openqa.selenium.remote.RemoteWebDriver.execute(RemoteWebDriver.java:543)
	at org.openqa.selenium.remote.RemoteWebElement.execute(RemoteWebElement.java:257)
	at org.openqa.selenium.remote.RemoteWebElement.click(RemoteWebElement.java:78)
	at com.avenuee.pages.CartBrandPage.clickOnBrand(CartBrandPage.java:40)
	at com.avenuee.tests.CartBrandTest.clickBrand(CartBrandTest.java:34)
	at java.base/java.util.ArrayList.forEach(ArrayList.java:1511)
... Removed 32 stack frames</div></td></tr></table><p class="totop"><a href="#summary">back to summary</a></p>
<h3 id="m1">com.avenuee.tests.ContactUsTest#contactUsTest</h3><table class="result"><tr><th>Exception</th></tr><tr><td><div class="stacktrace">org.openqa.selenium.ElementClickInterceptedException: element click intercepted: Element &lt;input type=&quot;submit&quot; data-qa=&quot;submit-button&quot; name=&quot;submit&quot; class=&quot;btn btn-primary pull-left submit_form&quot; value=&quot;Submit&quot;&gt; is not clickable at point (198, 653). Other element would receive the click: &lt;div id=&quot;aswift_2_host&quot; tabindex=&quot;0&quot; title=&quot;Advertisement&quot; aria-label=&quot;Advertisement&quot; style=&quot;border: none !important; height: 124px !important; width: 100% !important; margin: 0px !important; padding: 0px !important; position: relative !important; visibility: visible !important; background-color: transparent !important; display: inline-block !important; inset: auto !important; clear: none !important; float: none !important; max-height: none !important; max-width: none !important; opacity: 1 !important; overflow: visible !important; vertical-align: baseline !important; z-index: auto !important;&quot;&gt;...&lt;/div&gt;
  (Session info: chrome=116.0.5845.96)
Build info: version: &apos;4.9.1&apos;, revision: &apos;eb2032df7f&apos;
System info: os.name: &apos;Mac OS X&apos;, os.arch: &apos;x86_64&apos;, os.version: &apos;12.5.1&apos;, java.version: &apos;19.0.1&apos;
Driver info: org.openqa.selenium.chrome.ChromeDriver
Command: [0edb30b33eb388749aac9988ce40a7ff, clickElement {id=D84085DC3EB6A0FB0DE68C76B07DE849_element_110}]
Capabilities {acceptInsecureCerts: false, browserName: chrome, browserVersion: 116.0.5845.96, chrome: {chromedriverVersion: 116.0.5845.96 (1a3918166880..., userDataDir: /var/folders/ch/6fz8g5ss7w7...}, fedcm:accounts: true, goog:chromeOptions: {debuggerAddress: localhost:59351}, networkConnectionEnabled: false, pageLoadStrategy: normal, platformName: mac, proxy: Proxy(), se:cdp: ws://localhost:59351/devtoo..., se:cdpVersion: 116.0.5845.96, setWindowRect: true, strictFileInteractability: false, timeouts: {implicit: 0, pageLoad: 300000, script: 30000}, unhandledPromptBehavior: dismiss and notify, webauthn:extension:credBlob: true, webauthn:extension:largeBlob: true, webauthn:extension:minPinLength: true, webauthn:extension:prf: true, webauthn:virtualAuthenticators: true}
Element: [[ChromeDriver: chrome on mac (0edb30b33eb388749aac9988ce40a7ff)] -&gt; xpath: //input[@type=&apos;submit&apos; and @data-qa=&apos;submit-button&apos;]]
Session ID: 0edb30b33eb388749aac9988ce40a7ff
	at org.openqa.selenium.remote.codec.w3c.W3CHttpResponseCodec.createException(W3CHttpResponseCodec.java:200)
	at org.openqa.selenium.remote.codec.w3c.W3CHttpResponseCodec.decode(W3CHttpResponseCodec.java:133)
	at org.openqa.selenium.remote.codec.w3c.W3CHttpResponseCodec.decode(W3CHttpResponseCodec.java:53)
	at org.openqa.selenium.remote.HttpCommandExecutor.execute(HttpCommandExecutor.java:193)
	at org.openqa.selenium.remote.service.DriverCommandExecutor.invokeExecute(DriverCommandExecutor.java:183)
	at org.openqa.selenium.remote.service.DriverCommandExecutor.execute(DriverCommandExecutor.java:158)
	at org.openqa.selenium.remote.RemoteWebDriver.execute(RemoteWebDriver.java:543)
	at org.openqa.selenium.remote.RemoteWebElement.execute(RemoteWebElement.java:257)
	at org.openqa.selenium.remote.RemoteWebElement.click(RemoteWebElement.java:78)
	at org.openqa.selenium.support.pagefactory.internal.LocatingElementHandler.invoke(LocatingElementHandler.java:52)
	at jdk.proxy2/jdk.proxy2.$Proxy14.click(Unknown Source)
	at com.avenuee.pages.ContactUsPage.clickOnSubmitBtn(ContactUsPage.java:61)
	at com.avenuee.pages.ContactUsPage.contactUs(ContactUsPage.java:53)
	at com.avenuee.tests.ContactUsTest.contactUsTest(ContactUsTest.java:33)
	at java.base/java.util.ArrayList.forEach(ArrayList.java:1511)
... Removed 34 stack frames</div></td></tr></table><p class="totop"><a href="#summary">back to summary</a></p>
<h3 id="m2">com.avenuee.tests.RegisterCheckoutTest#registerCheckoutTest</h3><table class="result"><tr><th>Exception</th></tr><tr><td><div class="stacktrace">org.openqa.selenium.ElementClickInterceptedException: element click intercepted: Element &lt;a data-product-id=&quot;1&quot; class=&quot;btn btn-default add-to-cart&quot;&gt;...&lt;/a&gt; is not clickable at point (586, 625). Other element would receive the click: &lt;iframe id=&quot;aswift_6&quot; name=&quot;aswift_6&quot; style=&quot;width: 1005px !important; height: 124px !important; display: block; margin: 0px auto;&quot; sandbox=&quot;allow-forms allow-popups allow-popups-to-escape-sandbox allow-same-origin allow-scripts allow-top-navigation-by-user-activation&quot; width=&quot;1005&quot; height=&quot;124&quot; frameborder=&quot;0&quot; marginwidth=&quot;0&quot; marginheight=&quot;0&quot; vspace=&quot;0&quot; hspace=&quot;0&quot; allowtransparency=&quot;true&quot; scrolling=&quot;no&quot; src=&quot;https://googleads.g.doubleclick.net/pagead/html/r20230816/r20110914/zrt_lookup.html?fsb=1#RS-3-&amp;amp;adk=1812271801&amp;amp;client=ca-pub-1677597403311019&amp;amp;fa=1&amp;amp;ifi=7&amp;amp;uci=a!7&amp;amp;btvi=3&amp;amp;xpc=jl6kNRHBUp&amp;amp;p=https%3A//www.automationexercise.com&quot; data-google-container-id=&quot;a!7&quot; data-google-query-id=&quot;CKWOlOmu6IADFcOKgwcddi4DLQ&quot; data-load-complete=&quot;true&quot;&gt;&lt;/iframe&gt;
  (Session info: chrome=116.0.5845.96)
Build info: version: &apos;4.9.1&apos;, revision: &apos;eb2032df7f&apos;
System info: os.name: &apos;Mac OS X&apos;, os.arch: &apos;x86_64&apos;, os.version: &apos;12.5.1&apos;, java.version: &apos;19.0.1&apos;
Driver info: org.openqa.selenium.chrome.ChromeDriver
Command: [0edb30b33eb388749aac9988ce40a7ff, clickElement {id=7E86A9546FCAA9D9EFD1775E92FA1A19_element_133}]
Capabilities {acceptInsecureCerts: false, browserName: chrome, browserVersion: 116.0.5845.96, chrome: {chromedriverVersion: 116.0.5845.96 (1a3918166880..., userDataDir: /var/folders/ch/6fz8g5ss7w7...}, fedcm:accounts: true, goog:chromeOptions: {debuggerAddress: localhost:59351}, networkConnectionEnabled: false, pageLoadStrategy: normal, platformName: mac, proxy: Proxy(), se:cdp: ws://localhost:59351/devtoo..., se:cdpVersion: 116.0.5845.96, setWindowRect: true, strictFileInteractability: false, timeouts: {implicit: 0, pageLoad: 300000, script: 30000}, unhandledPromptBehavior: dismiss and notify, webauthn:extension:credBlob: true, webauthn:extension:largeBlob: true, webauthn:extension:minPinLength: true, webauthn:extension:prf: true, webauthn:virtualAuthenticators: true}
Element: [[ChromeDriver: chrome on mac (0edb30b33eb388749aac9988ce40a7ff)] -&gt; xpath: (//a[@data-product-id=&apos;1&apos; and contains(@class, &apos;btn btn-default add-to-cart&apos;)])[2]]
Session ID: 0edb30b33eb388749aac9988ce40a7ff
	at org.openqa.selenium.remote.codec.w3c.W3CHttpResponseCodec.createException(W3CHttpResponseCodec.java:200)
	at org.openqa.selenium.remote.codec.w3c.W3CHttpResponseCodec.decode(W3CHttpResponseCodec.java:133)
	at org.openqa.selenium.remote.codec.w3c.W3CHttpResponseCodec.decode(W3CHttpResponseCodec.java:53)
	at org.openqa.selenium.remote.HttpCommandExecutor.execute(HttpCommandExecutor.java:193)
	at org.openqa.selenium.remote.service.DriverCommandExecutor.invokeExecute(DriverCommandExecutor.java:183)
	at org.openqa.selenium.remote.service.DriverCommandExecutor.execute(DriverCommandExecutor.java:158)
	at org.openqa.selenium.remote.RemoteWebDriver.execute(RemoteWebDriver.java:543)
	at org.openqa.selenium.remote.RemoteWebElement.execute(RemoteWebElement.java:257)
	at org.openqa.selenium.remote.RemoteWebElement.click(RemoteWebElement.java:78)
	at org.openqa.selenium.support.pagefactory.internal.LocatingElementHandler.invoke(LocatingElementHandler.java:52)
	at jdk.proxy2/jdk.proxy2.$Proxy14.click(Unknown Source)
	at com.avenuee.pages.SearchProductPage.registerWhileCheckout(SearchProductPage.java:191)
	at com.avenuee.tests.RegisterCheckoutTest.registerCheckoutTest(RegisterCheckoutTest.java:31)
	at java.base/java.util.ArrayList.forEach(ArrayList.java:1511)
... Removed 34 stack frames</div></td></tr></table><p class="totop"><a href="#summary">back to summary</a></p>
<h3 id="m3">com.avenuee.tests.RegisterUserTest#CreateAccount</h3><table class="result"><tr><th>Exception</th></tr><tr><td><div class="stacktrace">java.lang.AssertionError: expected [Automation Exercise] but found [Automation Exercise - Signup / Login]
	at com.avenuee.utilities.BrowserUtils.pageVerification(BrowserUtils.java:14)
	at com.avenuee.tests.RegisterUserTest.CreateAccount(RegisterUserTest.java:37)
	at java.base/java.util.ArrayList.forEach(ArrayList.java:1511)
... Removed 35 stack frames</div></td></tr></table><p class="totop"><a href="#summary">back to summary</a></p>
<h3 id="m4">com.avenuee.tests.RegisterUserTest#CreateAccountTest</h3><table class="result"><tr><th>Exception</th></tr><tr><td><div class="stacktrace">java.lang.AssertionError: expected [Automation Exercise] but found [Automation Exercise - Signup / Login]
	at com.avenuee.utilities.BrowserUtils.pageVerification(BrowserUtils.java:14)
	at com.avenuee.tests.RegisterUserTest.CreateAccountTest(RegisterUserTest.java:26)
	at java.base/java.util.ArrayList.forEach(ArrayList.java:1511)
... Removed 35 stack frames</div></td></tr></table><p class="totop"><a href="#summary">back to summary</a></p>
<h3 id="m5">com.avenuee.tests.VerifyProductQuantityTest#verifyQuantity</h3><table class="result"><tr><th>Exception</th></tr><tr><td><div class="stacktrace">org.openqa.selenium.TimeoutException: Expected condition failed: waiting for visibility of [[ChromeDriver: chrome on mac (0edb30b33eb388749aac9988ce40a7ff)] -&gt; xpath: //button[@class=&apos;btn btn-success close-modal btn-block&apos;]] (tried for 20 second(s) with 500 milliseconds interval)
Build info: version: &apos;4.9.1&apos;, revision: &apos;eb2032df7f&apos;
System info: os.name: &apos;Mac OS X&apos;, os.arch: &apos;x86_64&apos;, os.version: &apos;12.5.1&apos;, java.version: &apos;19.0.1&apos;
Driver info: org.openqa.selenium.chrome.ChromeDriver
Capabilities {acceptInsecureCerts: false, browserName: chrome, browserVersion: 116.0.5845.96, chrome: {chromedriverVersion: 116.0.5845.96 (1a3918166880..., userDataDir: /var/folders/ch/6fz8g5ss7w7...}, fedcm:accounts: true, goog:chromeOptions: {debuggerAddress: localhost:59351}, networkConnectionEnabled: false, pageLoadStrategy: normal, platformName: mac, proxy: Proxy(), se:cdp: ws://localhost:59351/devtoo..., se:cdpVersion: 116.0.5845.96, setWindowRect: true, strictFileInteractability: false, timeouts: {implicit: 0, pageLoad: 300000, script: 30000}, unhandledPromptBehavior: dismiss and notify, webauthn:extension:credBlob: true, webauthn:extension:largeBlob: true, webauthn:extension:minPinLength: true, webauthn:extension:prf: true, webauthn:virtualAuthenticators: true}
Session ID: 0edb30b33eb388749aac9988ce40a7ff
	at org.openqa.selenium.support.ui.WebDriverWait.timeoutException(WebDriverWait.java:87)
	at org.openqa.selenium.support.ui.FluentWait.until(FluentWait.java:231)
	at com.avenuee.utilities.WaitUtils.waitForElementToBeVisible(WaitUtils.java:17)
	at com.avenuee.pages.SearchProductPage.clickOnAddCart(SearchProductPage.java:161)
	at com.avenuee.tests.VerifyProductQuantityTest.verifyQuantity(VerifyProductQuantityTest.java:32)
	at java.base/java.util.ArrayList.forEach(ArrayList.java:1511)
... Removed 29 stack frames</div></td></tr></table><p class="totop"><a href="#summary">back to summary</a></p>
<h3 id="m6">com.avenuee.tests.LogInTest#logInTest</h3><table class="result"><tr><th class="invisible"/></tr></table><p class="totop"><a href="#summary">back to summary</a></p>
<h3 id="m7">com.avenuee.tests.RemoveProductFromCartTest#removeProductFromCart</h3><table class="result"><tr><th class="invisible"/></tr></table><p class="totop"><a href="#summary">back to summary</a></p>
<h3 id="m8">com.avenuee.tests.SearchProductTest#searchProduct</h3><table class="result"><tr><th class="invisible"/></tr></table><p class="totop"><a href="#summary">back to summary</a></p>
<h3 id="m9">com.avenuee.tests.VerifySubscriptionTest#VerifySubscription</h3><table class="result"><tr><th class="invisible"/></tr></table><p class="totop"><a href="#summary">back to summary</a></p>
<h3 id="m10">com.avenuee.tests.VerifyTestCasesTest#VerifyTestCase</h3><table class="result"><tr><th class="invisible"/></tr></table><p class="totop"><a href="#summary">back to summary</a></p>
</body>
</html>
